2024-09-10 10:02:34,966 - INFO - 处理文件 input_file1.xlsx
2024-09-10 10:02:34,971 - INFO - 项目 项目A 的数据已写入 Excel
2024-09-10 10:02:34,972 - INFO - 项目 项目C 的数据已写入 Excel
2024-09-10 10:02:34,972 - WARNING - 项目 猪猪猪 的项目ID未找到
2024-09-10 10:02:34,973 - INFO - 项目 项目B 的数据已写入 Excel
2024-09-10 10:02:34,973 - INFO - 项目 项目D 的数据已写入 Excel
2024-09-10 10:02:35,002 - INFO - 数据已成功写入 output_file1.xlsx
2024-09-10 10:02:35,002 - INFO - 处理文件 input_file2.xlsx
2024-09-10 10:02:35,006 - INFO - 项目 项目A 的数据已写入 Excel
2024-09-10 10:02:35,007 - INFO - 项目 项目C 的数据已写入 Excel
2024-09-10 10:02:35,008 - INFO - 项目 项目B 的数据已写入 Excel
2024-09-10 10:02:35,008 - INFO - 项目 项目D 的数据已写入 Excel
2024-09-10 10:02:35,026 - INFO - 数据已成功写入 output_file2.xlsx
2024-09-10 10:07:10,540 - INFO - 处理文件 input_file1.xlsx
2024-09-10 10:07:10,545 - INFO - 项目 项目A 的数据已写入 Excel
2024-09-10 10:07:10,545 - INFO - 项目 项目C 的数据已写入 Excel
2024-09-10 10:07:10,545 - WARNING - 项目 猪猪猪 的项目ID未找到
2024-09-10 10:07:10,546 - INFO - 项目 项目B 的数据已写入 Excel
2024-09-10 10:07:10,546 - INFO - 项目 项目D 的数据已写入 Excel
2024-09-10 10:07:10,563 - INFO - 数据已成功写入 output_file1.xlsx
2024-09-10 10:07:10,563 - INFO - 处理文件 input_file2.xlsx
2024-09-10 10:07:10,568 - INFO - 项目 项目A 的数据已写入 Excel
2024-09-10 10:07:10,569 - INFO - 项目 项目C 的数据已写入 Excel
2024-09-10 10:07:10,570 - INFO - 项目 项目B 的数据已写入 Excel
2024-09-10 10:07:10,571 - INFO - 项目 项目D 的数据已写入 Excel
2024-09-10 10:07:10,582 - INFO - 数据已成功写入 output_file2.xlsx
2024-09-10 10:07:48,277 - INFO - 处理文件 input_file1.xlsx
2024-09-10 10:07:48,282 - INFO - 项目 项目A 的数据已写入 Excel
2024-09-10 10:07:48,283 - INFO - 项目 项目C 的数据已写入 Excel
2024-09-10 10:07:48,283 - WARNING - 项目 猪猪猪 的项目ID未找到
2024-09-10 10:07:48,283 - INFO - 项目 项目B 的数据已写入 Excel
2024-09-10 10:07:48,284 - INFO - 项目 项目D 的数据已写入 Excel
2024-09-10 10:07:48,284 - INFO - 没有格式化配置，跳过格式化步骤
2024-09-10 10:07:48,313 - INFO - 数据已成功写入 output_file1.xlsx
2024-09-10 10:07:48,313 - INFO - 处理文件 input_file2.xlsx
2024-09-10 10:07:48,316 - INFO - 项目 项目A 的数据已写入 Excel
2024-09-10 10:07:48,317 - INFO - 项目 项目C 的数据已写入 Excel
2024-09-10 10:07:48,318 - INFO - 项目 项目B 的数据已写入 Excel
2024-09-10 10:07:48,318 - INFO - 项目 项目D 的数据已写入 Excel
2024-09-10 10:07:48,318 - INFO - 没有格式化配置，跳过格式化步骤
2024-09-10 10:07:48,341 - INFO - 数据已成功写入 output_file2.xlsx
2024-09-10 10:17:26,822 - INFO - 处理文件 input_file1.xlsx
2024-09-10 10:17:26,833 - INFO - 项目 项目A 的数据已写入 Excel
2024-09-10 10:17:26,834 - INFO - 项目 项目C 的数据已写入 Excel
2024-09-10 10:17:26,834 - WARNING - 项目 猪猪猪 的项目ID未找到
2024-09-10 10:17:26,834 - INFO - 项目 项目B 的数据已写入 Excel
2024-09-10 10:17:26,835 - INFO - 项目 项目D 的数据已写入 Excel
2024-09-10 10:17:26,835 - INFO - 没有格式化配置，跳过格式化步骤
2024-09-10 10:17:26,860 - INFO - 数据已成功写入 output_file1.xlsx
2024-09-10 10:17:26,860 - INFO - 处理文件 input_file2.xlsx
2024-09-10 10:17:26,864 - INFO - 项目 项目A 的数据已写入 Excel
2024-09-10 10:17:26,865 - INFO - 项目 项目C 的数据已写入 Excel
2024-09-10 10:17:26,865 - INFO - 项目 项目B 的数据已写入 Excel
2024-09-10 10:17:26,866 - INFO - 项目 项目D 的数据已写入 Excel
2024-09-10 10:17:26,866 - INFO - 没有格式化配置，跳过格式化步骤
2024-09-10 10:17:26,872 - ERROR - 处理文件 input_file2.xlsx 失败: [Errno 13] Permission denied: 'output_file2.xlsx'
2024-09-10 10:17:48,257 - INFO - 处理文件 input_file1.xlsx
2024-09-10 10:17:48,262 - INFO - 项目 项目A 的数据已写入 Excel
2024-09-10 10:17:48,262 - INFO - 项目 项目C 的数据已写入 Excel
2024-09-10 10:17:48,262 - WARNING - 项目 猪猪猪 的项目ID未找到
2024-09-10 10:17:48,263 - INFO - 项目 项目B 的数据已写入 Excel
2024-09-10 10:17:48,264 - INFO - 项目 项目D 的数据已写入 Excel
2024-09-10 10:17:48,264 - INFO - 没有格式化配置，跳过格式化步骤
2024-09-10 10:17:48,278 - INFO - 数据已成功写入 output_file1.xlsx
2024-09-10 10:17:48,278 - INFO - 处理文件 input_file2.xlsx
2024-09-10 10:17:48,281 - INFO - 项目 项目A 的数据已写入 Excel
2024-09-10 10:17:48,282 - INFO - 项目 项目C 的数据已写入 Excel
2024-09-10 10:17:48,282 - INFO - 项目 项目B 的数据已写入 Excel
2024-09-10 10:17:48,283 - INFO - 项目 项目D 的数据已写入 Excel
2024-09-10 10:17:48,283 - INFO - 没有格式化配置，跳过格式化步骤
2024-09-10 10:17:48,294 - INFO - 数据已成功写入 output_file2.xlsx
2024-09-10 10:20:33,353 - INFO - 处理文件 D:\spacedev\verfy_excel_配置化\data\input_file1.xlsx
2024-09-10 10:20:33,358 - INFO - 项目 项目A 的数据已写入 Excel
2024-09-10 10:20:33,358 - INFO - 项目 项目C 的数据已写入 Excel
2024-09-10 10:20:33,359 - WARNING - 项目 猪猪猪 的项目ID未找到
2024-09-10 10:20:33,359 - INFO - 项目 项目B 的数据已写入 Excel
2024-09-10 10:20:33,360 - INFO - 项目 项目D 的数据已写入 Excel
2024-09-10 10:20:33,360 - INFO - 没有格式化配置，跳过格式化步骤
2024-09-10 10:20:33,374 - INFO - 数据已成功写入 D:\spacedev\verfy_excel_配置化\data\output_file1.xlsx
2024-09-10 10:20:33,374 - INFO - 处理文件 D:\spacedev\verfy_excel_配置化\data\input_file2.xlsx
2024-09-10 10:20:33,377 - INFO - 项目 项目A 的数据已写入 Excel
2024-09-10 10:20:33,378 - INFO - 项目 项目C 的数据已写入 Excel
2024-09-10 10:20:33,378 - INFO - 项目 项目B 的数据已写入 Excel
2024-09-10 10:20:33,379 - INFO - 项目 项目D 的数据已写入 Excel
2024-09-10 10:20:33,379 - INFO - 没有格式化配置，跳过格式化步骤
2024-09-10 10:20:33,388 - INFO - 数据已成功写入 D:\spacedev\verfy_excel_配置化\data\output_file2.xlsx
2024-09-10 10:22:29,781 - INFO - 处理文件 D:\spacedev\verfy_excel_配置化\data\input_file1.xlsx
2024-09-10 10:22:29,785 - ERROR - 处理文件 D:\spacedev\verfy_excel_配置化\data\input_file1.xlsx 失败: 'fill_type'
2024-09-10 10:22:29,785 - INFO - 处理文件 D:\spacedev\verfy_excel_配置化\data\input_file2.xlsx
2024-09-10 10:22:29,788 - ERROR - 处理文件 D:\spacedev\verfy_excel_配置化\data\input_file2.xlsx 失败: 'fill_type'
2024-09-10 10:22:57,400 - INFO - 处理文件 D:\spacedev\verfy_excel_配置化\data\input_file1.xlsx
2024-09-10 10:22:57,405 - INFO - 项目 项目A 的数据已写入 Excel
2024-09-10 10:22:57,406 - INFO - 项目 项目C 的数据已写入 Excel
2024-09-10 10:22:57,406 - WARNING - 项目 猪猪猪 的项目ID未找到
2024-09-10 10:22:57,406 - INFO - 项目 项目B 的数据已写入 Excel
2024-09-10 10:22:57,407 - INFO - 项目 项目D 的数据已写入 Excel
2024-09-10 10:22:57,407 - INFO - 没有格式化配置，跳过格式化步骤
2024-09-10 10:22:57,435 - INFO - 数据已成功写入 D:\spacedev\verfy_excel_配置化\data\output_file1.xlsx
2024-09-10 10:22:57,435 - INFO - 处理文件 D:\spacedev\verfy_excel_配置化\data\input_file2.xlsx
2024-09-10 10:22:57,438 - INFO - 项目 项目A 的数据已写入 Excel
2024-09-10 10:22:57,439 - INFO - 项目 项目C 的数据已写入 Excel
2024-09-10 10:22:57,439 - INFO - 项目 项目B 的数据已写入 Excel
2024-09-10 10:22:57,440 - INFO - 项目 项目D 的数据已写入 Excel
2024-09-10 10:22:57,440 - INFO - 没有格式化配置，跳过格式化步骤
2024-09-10 10:22:57,449 - INFO - 数据已成功写入 D:\spacedev\verfy_excel_配置化\data\output_file2.xlsx
2024-09-10 10:27:13,994 - INFO - 处理文件 D:\spacedev\verfy_excel_配置化\data\input_file1.xlsx
2024-09-10 10:27:13,999 - ERROR - 处理文件 D:\spacedev\verfy_excel_配置化\data\input_file1.xlsx 失败: Value must be one of {'lightGrid', 'lightTrellis', 'gray0625', 'darkGrid', 'darkGray', 'darkTrellis', 'darkDown', 'darkVertical', 'lightDown', 'darkHorizontal', 'solid', 'lightGray', 'lightVertical', 'mediumGray', 'darkUp', 'lightUp', 'gray125', 'lightHorizontal'}
2024-09-10 10:27:13,999 - INFO - 处理文件 D:\spacedev\verfy_excel_配置化\data\input_file2.xlsx
2024-09-10 10:27:14,002 - ERROR - 处理文件 D:\spacedev\verfy_excel_配置化\data\input_file2.xlsx 失败: Value must be one of {'lightGrid', 'lightTrellis', 'gray0625', 'darkGrid', 'darkGray', 'darkTrellis', 'darkDown', 'darkVertical', 'lightDown', 'darkHorizontal', 'solid', 'lightGray', 'lightVertical', 'mediumGray', 'darkUp', 'lightUp', 'gray125', 'lightHorizontal'}
2024-09-10 10:27:28,690 - INFO - 处理文件 D:\spacedev\verfy_excel_配置化\data\input_file1.xlsx
2024-09-10 10:27:28,696 - ERROR - 处理文件 D:\spacedev\verfy_excel_配置化\data\input_file1.xlsx 失败: Value must be one of {'darkGrid', 'darkTrellis', 'solid', 'darkUp', 'darkVertical', 'gray125', 'lightHorizontal', 'lightVertical', 'lightGrid', 'lightDown', 'gray0625', 'mediumGray', 'darkGray', 'darkDown', 'darkHorizontal', 'lightGray', 'lightUp', 'lightTrellis'}
2024-09-10 10:27:28,696 - INFO - 处理文件 D:\spacedev\verfy_excel_配置化\data\input_file2.xlsx
2024-09-10 10:27:28,699 - ERROR - 处理文件 D:\spacedev\verfy_excel_配置化\data\input_file2.xlsx 失败: Value must be one of {'darkGrid', 'darkTrellis', 'solid', 'darkUp', 'darkVertical', 'gray125', 'lightHorizontal', 'lightVertical', 'lightGrid', 'lightDown', 'gray0625', 'mediumGray', 'darkGray', 'darkDown', 'darkHorizontal', 'lightGray', 'lightUp', 'lightTrellis'}
2024-09-10 10:28:02,691 - INFO - 处理文件 D:\spacedev\verfy_excel_配置化\data\input_file1.xlsx
2024-09-10 10:28:02,695 - ERROR - 处理文件 D:\spacedev\verfy_excel_配置化\data\input_file1.xlsx 失败: Value must be one of {'gray0625', 'lightVertical', 'mediumGray', 'lightGray', 'lightTrellis', 'darkUp', 'darkVertical', 'darkGray', 'darkDown', 'lightGrid', 'darkGrid', 'gray125', 'lightDown', 'darkTrellis', 'lightUp', 'lightHorizontal', 'darkHorizontal', 'solid'}
2024-09-10 10:28:02,695 - INFO - 处理文件 D:\spacedev\verfy_excel_配置化\data\input_file2.xlsx
2024-09-10 10:28:02,698 - ERROR - 处理文件 D:\spacedev\verfy_excel_配置化\data\input_file2.xlsx 失败: Value must be one of {'gray0625', 'lightVertical', 'mediumGray', 'lightGray', 'lightTrellis', 'darkUp', 'darkVertical', 'darkGray', 'darkDown', 'lightGrid', 'darkGrid', 'gray125', 'lightDown', 'darkTrellis', 'lightUp', 'lightHorizontal', 'darkHorizontal', 'solid'}
2024-09-10 10:28:14,622 - INFO - 处理文件 D:\spacedev\verfy_excel_配置化\data\input_file1.xlsx
2024-09-10 10:28:14,627 - ERROR - 处理文件 D:\spacedev\verfy_excel_配置化\data\input_file1.xlsx 失败: Value must be one of {'lightGray', 'lightUp', 'darkGray', 'darkTrellis', 'lightTrellis', 'gray0625', 'lightHorizontal', 'darkVertical', 'gray125', 'solid', 'lightVertical', 'lightGrid', 'lightDown', 'mediumGray', 'darkUp', 'darkDown', 'darkHorizontal', 'darkGrid'}
2024-09-10 10:28:14,627 - INFO - 处理文件 D:\spacedev\verfy_excel_配置化\data\input_file2.xlsx
2024-09-10 10:28:14,630 - ERROR - 处理文件 D:\spacedev\verfy_excel_配置化\data\input_file2.xlsx 失败: Value must be one of {'lightGray', 'lightUp', 'darkGray', 'darkTrellis', 'lightTrellis', 'gray0625', 'lightHorizontal', 'darkVertical', 'gray125', 'solid', 'lightVertical', 'lightGrid', 'lightDown', 'mediumGray', 'darkUp', 'darkDown', 'darkHorizontal', 'darkGrid'}
2024-09-10 10:28:32,233 - INFO - 处理文件 D:\spacedev\verfy_excel_配置化\data\input_file1.xlsx
2024-09-10 10:28:32,238 - INFO - 项目 项目A 的数据已写入 Excel
2024-09-10 10:28:32,239 - INFO - 项目 项目C 的数据已写入 Excel
2024-09-10 10:28:32,239 - WARNING - 项目 猪猪猪 的项目ID未找到
2024-09-10 10:28:32,240 - INFO - 项目 项目B 的数据已写入 Excel
2024-09-10 10:28:32,241 - INFO - 项目 项目D 的数据已写入 Excel
2024-09-10 10:28:32,241 - INFO - 没有格式化配置，跳过格式化步骤
2024-09-10 10:28:32,254 - INFO - 数据已成功写入 D:\spacedev\verfy_excel_配置化\data\output_file1.xlsx
2024-09-10 10:28:32,254 - INFO - 处理文件 D:\spacedev\verfy_excel_配置化\data\input_file2.xlsx
2024-09-10 10:28:32,258 - INFO - 项目 项目A 的数据已写入 Excel
2024-09-10 10:28:32,259 - INFO - 项目 项目C 的数据已写入 Excel
2024-09-10 10:28:32,259 - INFO - 项目 项目B 的数据已写入 Excel
2024-09-10 10:28:32,259 - INFO - 项目 项目D 的数据已写入 Excel
2024-09-10 10:28:32,259 - INFO - 没有格式化配置，跳过格式化步骤
2024-09-10 10:28:32,267 - INFO - 数据已成功写入 D:\spacedev\verfy_excel_配置化\data\output_file2.xlsx
2024-09-10 10:30:30,431 - INFO - 处理文件 D:\spacedev\verfy_excel_配置化\data\input_file1.xlsx
2024-09-10 10:30:30,435 - ERROR - 处理文件 D:\spacedev\verfy_excel_配置化\data\input_file1.xlsx 失败: 'end_color'
2024-09-10 10:30:30,435 - INFO - 处理文件 D:\spacedev\verfy_excel_配置化\data\input_file2.xlsx
2024-09-10 10:30:30,439 - ERROR - 处理文件 D:\spacedev\verfy_excel_配置化\data\input_file2.xlsx 失败: 'end_color'
2024-09-10 10:31:30,977 - INFO - 处理文件 D:\spacedev\verfy_excel_配置化\data\input_file1.xlsx
2024-09-10 10:31:30,982 - INFO - 项目 项目A 的数据已写入 Excel
2024-09-10 10:31:30,984 - INFO - 项目 项目C 的数据已写入 Excel
2024-09-10 10:31:30,984 - WARNING - 项目 猪猪猪 的项目ID未找到
2024-09-10 10:31:30,985 - INFO - 项目 项目B 的数据已写入 Excel
2024-09-10 10:31:30,986 - INFO - 项目 项目D 的数据已写入 Excel
2024-09-10 10:31:30,986 - INFO - 没有格式化配置，跳过格式化步骤
2024-09-10 10:31:31,019 - INFO - 数据已成功写入 D:\spacedev\verfy_excel_配置化\data\output_file1.xlsx
2024-09-10 10:31:31,019 - INFO - 处理文件 D:\spacedev\verfy_excel_配置化\data\input_file2.xlsx
2024-09-10 10:31:31,023 - INFO - 项目 项目A 的数据已写入 Excel
2024-09-10 10:31:31,024 - INFO - 项目 项目C 的数据已写入 Excel
2024-09-10 10:31:31,024 - INFO - 项目 项目B 的数据已写入 Excel
2024-09-10 10:31:31,025 - INFO - 项目 项目D 的数据已写入 Excel
2024-09-10 10:31:31,025 - INFO - 没有格式化配置，跳过格式化步骤
2024-09-10 10:31:31,037 - INFO - 数据已成功写入 D:\spacedev\verfy_excel_配置化\data\output_file2.xlsx
